<?xml version="1.0" encoding="UTF-8"?>
<testsuite xmlns:xsi="http://www.w3.org/2001/XMLSchema-instance" xsi:noNamespaceSchemaLocation="https://maven.apache.org/surefire/maven-surefire-plugin/xsd/surefire-test-report-3.0.xsd" version="3.0" name="com.example.temporal.demo.workflow.GreetingWorkflowTest" time="0.909" tests="1" errors="0" skipped="0" failures="0">
  <properties>
[...]
</properties>
  <testcase name="greetingWorkflowReturnsHelloName" classname="com.example.temporal.demo.workflow.GreetingWorkflowTest" time="0.225">
    <system-out><![CDATA[23:18:50.770 [main] INFO io.temporal.serviceclient.WorkflowServiceStubsImpl -- Created WorkflowServiceStubs for channel: ManagedChannelOrphanWrapper{delegate=ManagedChannelImpl{logId=2, target=directaddress:///629cd93b-63d3-49a6-9668-433c336bc5ad}}
23:18:50.775 [main] INFO io.temporal.serviceclient.TestServiceStubsImpl -- Created TestServiceStubs for channel: ManagedChannelOrphanWrapper{delegate=ManagedChannelImpl{logId=2, target=directaddress:///629cd93b-63d3-49a6-9668-433c336bc5ad}}
23:18:50.778 [main] INFO io.temporal.serviceclient.OperatorServiceStubsImpl -- Created OperatorServiceStubs for channel: ManagedChannelOrphanWrapper{delegate=ManagedChannelImpl{logId=2, target=directaddress:///629cd93b-63d3-49a6-9668-433c336bc5ad}}
23:18:50.840 [main] INFO io.temporal.internal.worker.Poller -- start: Poller{name=Workflow Poller taskQueue="GREETING_TASK_QUEUE", namespace="default", identity=32213@leondeMacBook-Air.local}
23:18:50.843 [main] INFO io.temporal.internal.worker.Poller -- start: Poller{name=Activity Poller taskQueue="GREETING_TASK_QUEUE", namespace="default", identity=32213@leondeMacBook-Air.local}
]]></system-out>
  </testcase>
</testsuite>